/home/vadja228/miniconda3/envs/quast/bin/quast.py hw2/spades/scaffolds.fasta hw2/spades/contigs.fasta -o hw2/quast

Version: 5.2.0

System information:
  OS: Linux-5.15.153.1-microsoft-standard-WSL2-x86_64-with-glibc2.35 (linux_64)
  Python version: 3.9.20
  CPUs number: 4

Started: 2024-11-10 17:44:40

Logging to /mnt/d/Games/notOrca/git/datadriven/DD_2024_private/hw2/quast/quast.log
NOTICE: Maximum number of threads is set to 1 (use --threads option to set it manually)

CWD: /mnt/d/Games/notOrca/git/datadriven/DD_2024_private
Main parameters: 
  MODE: default, threads: 1, min contig length: 500, min alignment length: 65, min alignment IDY: 95.0, \
  ambiguity: one, min local misassembly length: 200, min extensive misassembly length: 1000

Contigs:
  Pre-processing...
  1  hw2/spades/scaffolds.fasta ==> scaffolds
  2  hw2/spades/contigs.fasta ==> contigs

2024-11-10 17:44:48
Running Basic statistics processor...
  Contig files: 
    1  scaffolds
    2  contigs
  Calculating N50 and L50...
    1  scaffolds, N50 = 105346, L50 = 15, auN = 128308.3, Total length = 5252691, GC % = 50.51, # N's per 100 kbp =  32.23
    2  contigs, N50 = 105346, L50 = 15, auN = 127446.6, Total length = 5243751, GC % = 50.53, # N's per 100 kbp =  0.00
  Drawing Nx plot...
    saved to /mnt/d/Games/notOrca/git/datadriven/DD_2024_private/hw2/quast/basic_stats/Nx_plot.pdf
  Drawing cumulative plot...
    saved to /mnt/d/Games/notOrca/git/datadriven/DD_2024_private/hw2/quast/basic_stats/cumulative_plot.pdf
  Drawing GC content plot...
    saved to /mnt/d/Games/notOrca/git/datadriven/DD_2024_private/hw2/quast/basic_stats/GC_content_plot.pdf
  Drawing scaffolds GC content plot...
    saved to /mnt/d/Games/notOrca/git/datadriven/DD_2024_private/hw2/quast/basic_stats/scaffolds_GC_content_plot.pdf
  Drawing contigs GC content plot...
    saved to /mnt/d/Games/notOrca/git/datadriven/DD_2024_private/hw2/quast/basic_stats/contigs_GC_content_plot.pdf
  Drawing Coverage histogram (bin size: 1x)...
    saved to /mnt/d/Games/notOrca/git/datadriven/DD_2024_private/hw2/quast/basic_stats/coverage_histogram.pdf
  Drawing scaffolds coverage histogram (bin size: 1x)...
    saved to /mnt/d/Games/notOrca/git/datadriven/DD_2024_private/hw2/quast/basic_stats/scaffolds_coverage_histogram.pdf
  Drawing contigs coverage histogram (bin size: 1x)...
    saved to /mnt/d/Games/notOrca/git/datadriven/DD_2024_private/hw2/quast/basic_stats/contigs_coverage_histogram.pdf
Done.

NOTICE: Genes are not predicted by default. Use --gene-finding or --glimmer option to enable it.

2024-11-10 17:44:55
Creating large visual summaries...
This may take a while: press Ctrl-C to skip this step..
  1 of 2: Creating PDF with all tables and plots...
  2 of 2: Creating Icarus viewers...
Done

2024-11-10 17:44:57
RESULTS:
  Text versions of total report are saved to /mnt/d/Games/notOrca/git/datadriven/DD_2024_private/hw2/quast/report.txt, report.tsv, and report.tex
  Text versions of transposed total report are saved to /mnt/d/Games/notOrca/git/datadriven/DD_2024_private/hw2/quast/transposed_report.txt, transposed_report.tsv, and transposed_report.tex
  HTML version (interactive tables and plots) is saved to /mnt/d/Games/notOrca/git/datadriven/DD_2024_private/hw2/quast/report.html
  PDF version (tables and plots) is saved to /mnt/d/Games/notOrca/git/datadriven/DD_2024_private/hw2/quast/report.pdf
  Icarus (contig browser) is saved to /mnt/d/Games/notOrca/git/datadriven/DD_2024_private/hw2/quast/icarus.html
  Log is saved to /mnt/d/Games/notOrca/git/datadriven/DD_2024_private/hw2/quast/quast.log

Finished: 2024-11-10 17:44:59
Elapsed time: 0:00:19.010361
NOTICEs: 2; WARNINGs: 1; non-fatal ERRORs: 0

Thank you for using QUAST!
